<?xml version="1.0" encoding="UTF-8"?>
<!-- Generated by org.testng.reporters.JUnitXMLReporter -->
<testsuite ignored="0" hostname="swaticomputer" failures="1" tests="3" name="Test" time="3.778" errors="0" timestamp="09 Jun 2022 07:04:31 GMT">
  <testcase classname="com.tests.Logintest" name="logintest" time="3.252"/>
  <testcase classname="com.tests.Logintest" name="failTest" time="0.009">
    <failure type="java.lang.AssertionError" message="expected [test] but found [JavaByKiran | Dashboard]">
      <![CDATA[java.lang.AssertionError: expected [test] but found [JavaByKiran | Dashboard]
at com.tests.Logintest.failTest(Logintest.java:34)
... Removed 31 stack frames]]>
    </failure>
  </testcase> <!-- failTest -->
  <testcase classname="com.tests.Logintest" name="skipTest" time="0.002">
    <skipped/>
  </testcase> <!-- skipTest -->
</testsuite> <!-- Test -->
